  [1m[35m (609.9ms)[0m  [1m[35mCREATE DATABASE "Jamify_development" ENCODING = 'unicode'[0m
  ↳ bin/rails:9
  [1m[35m (2581.5ms)[0m  [1m[35mCREATE DATABASE "Jamify_test" ENCODING = 'unicode'[0m
  ↳ bin/rails:9
  [1m[35m (50.8ms)[0m  [1m[35mCREATE TABLE "schema_migrations" ("version" character varying NOT NULL PRIMARY KEY)[0m
  ↳ bin/rails:9
  [1m[35m (39.8ms)[0m  [1m[35mCREATE TABLE "ar_internal_metadata" ("key" character varying NOT NULL PRIMARY KEY, "value" character varying, "created_at" timestamp NOT NULL, "updated_at" timestamp NOT NULL)[0m
  ↳ bin/rails:9
  [1m[35m (0.4ms)[0m  [1m[34mSELECT pg_try_advisory_lock(5093370580193017185)[0m
  ↳ bin/rails:9
  [1m[35m (0.8ms)[0m  [1m[34mSELECT "schema_migrations"."version" FROM "schema_migrations" ORDER BY "schema_migrations"."version" ASC[0m
  ↳ bin/rails:9
Migrating to CreateUsers (20210727203259)
  [1m[35m (0.2ms)[0m  [1m[35mBEGIN[0m
  ↳ bin/rails:9
  [1m[35m (37.3ms)[0m  [1m[35mCREATE TABLE "users" ("id" bigserial primary key, "email" character varying NOT NULL, "password_digest" character varying NOT NULL, "session_token" character varying NOT NULL, "created_at" timestamp NOT NULL, "updated_at" timestamp NOT NULL)[0m
  ↳ db/migrate/20210727203259_create_users.rb:3
  [1m[35m (20.5ms)[0m  [1m[35mCREATE  INDEX  "index_users_on_email" ON "users"  ("email")[0m
  ↳ db/migrate/20210727203259_create_users.rb:10
  [1m[35m (1.2ms)[0m  [1m[31mROLLBACK[0m
  ↳ bin/rails:9
  [1m[35m (0.5ms)[0m  [1m[34mSELECT pg_advisory_unlock(5093370580193017185)[0m
  ↳ bin/rails:9
  [1m[35m (0.4ms)[0m  [1m[34mSELECT pg_try_advisory_lock(5093370580193017185)[0m
  ↳ bin/rails:9
  [1m[35m (1.0ms)[0m  [1m[34mSELECT "schema_migrations"."version" FROM "schema_migrations" ORDER BY "schema_migrations"."version" ASC[0m
  ↳ bin/rails:9
Migrating to CreateUsers (20210727203259)
  [1m[35m (0.3ms)[0m  [1m[35mBEGIN[0m
  ↳ bin/rails:9
  [1m[35m (54.1ms)[0m  [1m[35mCREATE TABLE "users" ("id" bigserial primary key, "email" character varying NOT NULL, "password_digest" character varying NOT NULL, "session_token" character varying NOT NULL, "created_at" timestamp NOT NULL, "updated_at" timestamp NOT NULL)[0m
  ↳ db/migrate/20210727203259_create_users.rb:3
  [1m[35m (24.2ms)[0m  [1m[35mCREATE  INDEX  "index_users_on_email" ON "users"  ("email")[0m
  ↳ db/migrate/20210727203259_create_users.rb:10
  [1m[35m (17.4ms)[0m  [1m[35mCREATE  INDEX  "index_users_on_session_token" ON "users"  ("session_token")[0m
  ↳ db/migrate/20210727203259_create_users.rb:11
  [1m[36mActiveRecord::SchemaMigration Create (0.7ms)[0m  [1m[32mINSERT INTO "schema_migrations" ("version") VALUES ($1) RETURNING "version"[0m  [["version", "20210727203259"]]
  ↳ bin/rails:9
  [1m[35m (8.5ms)[0m  [1m[35mCOMMIT[0m
  ↳ bin/rails:9
  [1m[36mActiveRecord::InternalMetadata Load (1.1ms)[0m  [1m[34mSELECT  "ar_internal_metadata".* FROM "ar_internal_metadata" WHERE "ar_internal_metadata"."key" = $1 LIMIT $2[0m  [["key", "environment"], ["LIMIT", 1]]
  ↳ bin/rails:9
  [1m[35m (0.4ms)[0m  [1m[35mBEGIN[0m
  ↳ bin/rails:9
  [1m[36mActiveRecord::InternalMetadata Create (0.9ms)[0m  [1m[32mINSERT INTO "ar_internal_metadata" ("key", "value", "created_at", "updated_at") VALUES ($1, $2, $3, $4) RETURNING "key"[0m  [["key", "environment"], ["value", "development"], ["created_at", "2021-07-27 20:39:57.420640"], ["updated_at", "2021-07-27 20:39:57.420640"]]
  ↳ bin/rails:9
  [1m[35m (7.3ms)[0m  [1m[35mCOMMIT[0m
  ↳ bin/rails:9
  [1m[35m (0.4ms)[0m  [1m[34mSELECT pg_advisory_unlock(5093370580193017185)[0m
  ↳ bin/rails:9
  [1m[35m (0.4ms)[0m  [1m[34mSELECT "schema_migrations"."version" FROM "schema_migrations" ORDER BY "schema_migrations"."version" ASC[0m
  ↳ bin/rails:9
  [1m[35m (2.3ms)[0m  [1m[34mSELECT "schema_migrations"."version" FROM "schema_migrations" ORDER BY "schema_migrations"."version" ASC[0m
  ↳ bin/rails:9
  [1m[35m (1.2ms)[0m  [1m[34mSELECT "schema_migrations"."version" FROM "schema_migrations" ORDER BY "schema_migrations"."version" ASC[0m
  ↳ /root/.rbenv/versions/2.5.1/bin/annotate:23
  [1m[36mUser Load (1.3ms)[0m  [1m[34mSELECT "users".* FROM "users"[0m
Started GET "/users" for ::1 at 2021-07-27 19:50:52 -0500
  [1m[35m (1.7ms)[0m  [1m[34mSELECT "schema_migrations"."version" FROM "schema_migrations" ORDER BY "schema_migrations"."version" ASC[0m
  ↳ /root/.rbenv/versions/2.5.1/lib/ruby/gems/2.5.0/gems/activerecord-5.2.6/lib/active_record/log_subscriber.rb:98
Processing by UsersController#index as HTML
Completed 406 Not Acceptable in 4928ms (ActiveRecord: 0.0ms)



ActionController::UnknownFormat - UsersController#index is missing a template for this request format and variant.
request.formats: ["text/html"]
request.variant: []
NOTE! For XHR/Ajax or API requests, this action would normally respond with 204 No Content: an empty white screen. Since you're loading it in a web browser, we assume that you expected to actually render a template, not nothing, so we're showing an error to be extra-clear. If you expect 204 No Content, carry on. That's what you'll get from an XHR or API request. Give it a shot.:

Started POST "/__better_errors/0f9a09dd1a5e9874/variables" for ::1 at 2021-07-27 19:50:58 -0500
Started GET "/users" for ::1 at 2021-07-27 19:51:11 -0500
Processing by UsersController#index as HTML
Completed 406 Not Acceptable in 4819ms (ActiveRecord: 0.0ms)



ActionController::UnknownFormat - UsersController#index is missing a template for this request format and variant.
request.formats: ["text/html"]
request.variant: []
NOTE! For XHR/Ajax or API requests, this action would normally respond with 204 No Content: an empty white screen. Since you're loading it in a web browser, we assume that you expected to actually render a template, not nothing, so we're showing an error to be extra-clear. If you expect 204 No Content, carry on. That's what you'll get from an XHR or API request. Give it a shot.:

Started POST "/__better_errors/845a75658d401401/variables" for ::1 at 2021-07-27 19:51:16 -0500
Started GET "/users" for ::1 at 2021-07-27 19:51:30 -0500
  [1m[35m (1.3ms)[0m  [1m[34mSELECT "schema_migrations"."version" FROM "schema_migrations" ORDER BY "schema_migrations"."version" ASC[0m
  ↳ /root/.rbenv/versions/2.5.1/lib/ruby/gems/2.5.0/gems/activerecord-5.2.6/lib/active_record/log_subscriber.rb:98
Processing by UsersController#index as HTML
  Rendering users/new.html.erb within layouts/application
  Rendered users/new.html.erb within layouts/application (2.6ms)
Completed 200 OK in 5088ms (Views: 5083.5ms | ActiveRecord: 0.0ms)


Started GET "/users" for ::1 at 2021-07-27 19:52:04 -0500
Processing by UsersController#index as HTML
  Rendering users/new.html.erb within layouts/application
  Rendered users/new.html.erb within layouts/application (0.9ms)
Completed 200 OK in 646ms (Views: 644.8ms | ActiveRecord: 0.0ms)


Started POST "/users" for ::1 at 2021-07-27 19:52:23 -0500
Processing by UsersController#create as HTML
  Parameters: {"user"=>{"username"=>"david"}}
Can't verify CSRF token authenticity.
Completed 422 Unprocessable Entity in 2ms (ActiveRecord: 0.0ms)



ActionController::InvalidAuthenticityToken - ActionController::InvalidAuthenticityToken:

Started POST "/__better_errors/7a958787672b684a/variables" for ::1 at 2021-07-27 19:52:23 -0500
Started POST "/users" for ::1 at 2021-07-27 20:00:58 -0500
Processing by UsersController#create as HTML
  Parameters: {"user"=>{"username"=>"david"}}
Can't verify CSRF token authenticity.
Completed 422 Unprocessable Entity in 2ms (ActiveRecord: 0.0ms)



ActionController::InvalidAuthenticityToken - ActionController::InvalidAuthenticityToken:

Started POST "/__better_errors/d531017450709d2b/variables" for ::1 at 2021-07-27 20:00:58 -0500
Started GET "/users" for ::1 at 2021-07-27 20:01:02 -0500
Processing by UsersController#index as HTML
  Rendering users/new.html.erb within layouts/application
  Rendered users/new.html.erb within layouts/application (514.2ms)
Completed 500 Internal Server Error in 789ms (ActiveRecord: 0.0ms)



NameError - undefined local variable or method `auth_token' for #<#<Class:0x00007f9be092bac0>:0x00007f9be4147be8>:
  app/views/users/new.html.erb:5:in `_app_views_users_new_html_erb___3774394198336531750_70153761600640'
  app/controllers/users_controller.rb:6:in `index'

Started POST "/__better_errors/dca035f6c6e1e5df/variables" for ::1 at 2021-07-27 20:01:03 -0500
Started POST "/__better_errors/dca035f6c6e1e5df/eval" for ::1 at 2021-07-27 20:01:15 -0500
Started GET "/users" for ::1 at 2021-07-27 20:01:27 -0500
  [1m[35m (0.8ms)[0m  [1m[34mSELECT "schema_migrations"."version" FROM "schema_migrations" ORDER BY "schema_migrations"."version" ASC[0m
  ↳ /root/.rbenv/versions/2.5.1/lib/ruby/gems/2.5.0/gems/activerecord-5.2.6/lib/active_record/log_subscriber.rb:98
Processing by UsersController#index as HTML
  Rendering users/new.html.erb within layouts/application
  Rendered users/new.html.erb within layouts/application (1.9ms)
Completed 200 OK in 1746ms (Views: 1738.2ms | ActiveRecord: 0.0ms)


Started POST "/users" for ::1 at 2021-07-27 20:01:32 -0500
Processing by UsersController#create as HTML
  Parameters: {"user"=>{"username"=>"david"}}
Can't verify CSRF token authenticity.
Completed 422 Unprocessable Entity in 2ms (ActiveRecord: 0.0ms)



ActionController::InvalidAuthenticityToken - ActionController::InvalidAuthenticityToken:

Started POST "/__better_errors/e0dc5e082ab37dcb/variables" for ::1 at 2021-07-27 20:01:32 -0500
Started POST "/users" for ::1 at 2021-07-27 20:03:39 -0500
  [1m[35m (0.5ms)[0m  [1m[34mSELECT "schema_migrations"."version" FROM "schema_migrations" ORDER BY "schema_migrations"."version" ASC[0m
  ↳ /root/.rbenv/versions/2.5.1/lib/ruby/gems/2.5.0/gems/activerecord-5.2.6/lib/active_record/log_subscriber.rb:98
Processing by UsersController#create as HTML
  Parameters: {"user"=>{"username"=>"david"}}
Can't verify CSRF token authenticity.
Completed 422 Unprocessable Entity in 4ms (ActiveRecord: 0.0ms)



ActionController::InvalidAuthenticityToken - ActionController::InvalidAuthenticityToken:

Started POST "/__better_errors/5998038cf885c7b5/variables" for ::1 at 2021-07-27 20:03:40 -0500
Started POST "/users" for ::1 at 2021-07-27 20:03:47 -0500
Processing by UsersController#create as HTML
  Parameters: {"user"=>{"username"=>"david"}}
Can't verify CSRF token authenticity.
Completed 422 Unprocessable Entity in 6ms (ActiveRecord: 0.0ms)



ActionController::InvalidAuthenticityToken - ActionController::InvalidAuthenticityToken:

Started POST "/__better_errors/c7a3447b1ad5f6bc/variables" for ::1 at 2021-07-27 20:03:48 -0500
Started GET "/users" for ::1 at 2021-07-27 20:03:50 -0500
Processing by UsersController#index as HTML
  Rendering users/new.html.erb within layouts/application
  Rendered users/new.html.erb within layouts/application (2.0ms)
Completed 200 OK in 1860ms (Views: 1852.0ms | ActiveRecord: 0.0ms)


Started POST "/users" for ::1 at 2021-07-27 20:03:55 -0500
Processing by UsersController#create as HTML
  Parameters: {"authenticity_token"=>"k46vw42oUq/We7lnT+aPrt60LhZvnr8d7N2mj48f6m3hxZZmLRTUkIUjWHhUjcGYLJX99KMhCQZU/+Bkprr1TA==", "user"=>{"username"=>"d"}}
Completed 500 Internal Server Error in 162ms (ActiveRecord: 0.0ms)



NoMethodError - undefined method `+' for :user:Symbol:
  app/controllers/users_controller.rb:41:in `user_params'
  app/controllers/users_controller.rb:25:in `create'

Started POST "/__better_errors/dbb118430927fe3a/variables" for ::1 at 2021-07-27 20:03:56 -0500
Started GET "/users" for ::1 at 2021-07-27 20:06:10 -0500
  [1m[35m (0.6ms)[0m  [1m[34mSELECT "schema_migrations"."version" FROM "schema_migrations" ORDER BY "schema_migrations"."version" ASC[0m
  ↳ /root/.rbenv/versions/2.5.1/lib/ruby/gems/2.5.0/gems/activerecord-5.2.6/lib/active_record/log_subscriber.rb:98
Processing by UsersController#index as HTML
  Rendering users/new.html.erb within layouts/application
  Rendered users/new.html.erb within layouts/application (2.4ms)
Completed 200 OK in 1716ms (Views: 1707.5ms | ActiveRecord: 0.0ms)


Started POST "/users" for ::1 at 2021-07-27 20:06:15 -0500
Processing by UsersController#create as HTML
  Parameters: {"authenticity_token"=>"gKRjs55XjiSq+RJpK0HaQJnKpokKseRMet3F4HpnBq3y71oWPusIG/mh83YwKpR2a+t1a8YOUlfC/4MLU8IZjA==", "user"=>{"username"=>"d"}}
Unpermitted parameter: :username
  [1m[35m (0.4ms)[0m  [1m[35mBEGIN[0m
  ↳ app/controllers/users_controller.rb:27
  [1m[36mUser Create (27.9ms)[0m  [1m[32mINSERT INTO "users" ("created_at", "updated_at") VALUES ($1, $2) RETURNING "id"[0m  [["created_at", "2021-07-28 01:06:15.841653"], ["updated_at", "2021-07-28 01:06:15.841653"]]
  ↳ app/controllers/users_controller.rb:27
  [1m[35m (0.4ms)[0m  [1m[31mROLLBACK[0m
  ↳ app/controllers/users_controller.rb:27
Completed 500 Internal Server Error in 246ms (ActiveRecord: 73.0ms)



ActiveRecord::NotNullViolation - PG::NotNullViolation: ERROR:  null value in column "email" violates not-null constraint
DETAIL:  Failing row contains (1, null, null, null, 2021-07-28 01:06:15.841653, 2021-07-28 01:06:15.841653).
: INSERT INTO "users" ("created_at", "updated_at") VALUES ($1, $2) RETURNING "id":
  app/controllers/users_controller.rb:27:in `create'

Started POST "/__better_errors/a8e7f16fd9a27c75/variables" for ::1 at 2021-07-27 20:06:16 -0500
Started GET "/users" for ::1 at 2021-07-27 20:07:32 -0500
Processing by UsersController#index as HTML
  Rendering users/new.html.erb within layouts/application
  Rendered users/new.html.erb within layouts/application (1.2ms)
Completed 200 OK in 655ms (Views: 654.0ms | ActiveRecord: 0.0ms)


Started POST "/users" for ::1 at 2021-07-27 20:07:37 -0500
Processing by UsersController#create as HTML
  Parameters: {"authenticity_token"=>"oBwY7BaPf23kNbHTn6MtYOh0TCrFncCX0wO9UwRUjS/SVyFJtjP5UrdtUMyEyGNWGlWfyAkidoxrIfu4LfGSDg==", "user"=>{"email"=>"d", "password"=>"[FILTERED]"}}
  [1m[35m (0.4ms)[0m  [1m[35mBEGIN[0m
  ↳ app/controllers/users_controller.rb:27
  [1m[36mUser Create (2.0ms)[0m  [1m[32mINSERT INTO "users" ("email", "created_at", "updated_at") VALUES ($1, $2, $3) RETURNING "id"[0m  [["email", "d"], ["created_at", "2021-07-28 01:07:37.104053"], ["updated_at", "2021-07-28 01:07:37.104053"]]
  ↳ app/controllers/users_controller.rb:27
  [1m[35m (0.4ms)[0m  [1m[31mROLLBACK[0m
  ↳ app/controllers/users_controller.rb:27
Completed 500 Internal Server Error in 19ms (ActiveRecord: 2.9ms)



ActiveRecord::NotNullViolation - PG::NotNullViolation: ERROR:  null value in column "password_digest" violates not-null constraint
DETAIL:  Failing row contains (2, d, null, null, 2021-07-28 01:07:37.104053, 2021-07-28 01:07:37.104053).
: INSERT INTO "users" ("email", "created_at", "updated_at") VALUES ($1, $2, $3) RETURNING "id":
  app/controllers/users_controller.rb:27:in `create'

Started POST "/__better_errors/0f1557de558fffb8/variables" for ::1 at 2021-07-27 20:07:37 -0500
Started GET "/users" for ::1 at 2021-07-27 20:23:09 -0500
Processing by UsersController#index as HTML
  Rendering users/new.html.erb within layouts/application
  Rendered users/new.html.erb within layouts/application (1.0ms)
Completed 200 OK in 652ms (Views: 650.9ms | ActiveRecord: 0.0ms)


Started POST "/users" for ::1 at 2021-07-27 20:23:26 -0500
Processing by UsersController#create as HTML
  Parameters: {"authenticity_token"=>"CbJpJYqNzPRiCxVekRlod0ZzklSXhaT4Xcc2ypOEOUh7+VCAKjFKyzFT9EGKciZBtFJBtls6EuPl5XAhuiEmaQ==", "user"=>{"email"=>"d", "password"=>"[FILTERED]"}}
  [1m[35m (0.4ms)[0m  [1m[35mBEGIN[0m
  ↳ app/controllers/users_controller.rb:27
  [1m[36mUser Create (4.8ms)[0m  [1m[32mINSERT INTO "users" ("email", "created_at", "updated_at") VALUES ($1, $2, $3) RETURNING "id"[0m  [["email", "d"], ["created_at", "2021-07-28 01:23:26.492146"], ["updated_at", "2021-07-28 01:23:26.492146"]]
  ↳ app/controllers/users_controller.rb:27
  [1m[35m (0.4ms)[0m  [1m[31mROLLBACK[0m
  ↳ app/controllers/users_controller.rb:27
Completed 500 Internal Server Error in 25ms (ActiveRecord: 5.7ms)



ActiveRecord::NotNullViolation - PG::NotNullViolation: ERROR:  null value in column "password_digest" violates not-null constraint
DETAIL:  Failing row contains (3, d, null, null, 2021-07-28 01:23:26.492146, 2021-07-28 01:23:26.492146).
: INSERT INTO "users" ("email", "created_at", "updated_at") VALUES ($1, $2, $3) RETURNING "id":
  app/controllers/users_controller.rb:27:in `create'

Started POST "/__better_errors/5b79eaa9e27746dc/variables" for ::1 at 2021-07-27 20:23:26 -0500
Started GET "/users" for ::1 at 2021-07-27 20:25:53 -0500
Processing by UsersController#index as HTML
  Rendering users/new.html.erb within layouts/application
  Rendered users/new.html.erb within layouts/application (1.0ms)
Completed 200 OK in 602ms (Views: 601.4ms | ActiveRecord: 0.0ms)


Started POST "/users" for ::1 at 2021-07-27 20:25:56 -0500
Processing by UsersController#create as HTML
  Parameters: {"authenticity_token"=>"7ZOLV3i6qLfgkKACTtf31e5d/nwFrc1uwGaT4R25WqSf2LLy2AYuiLPIQR1VvLnjHHwtnskSe3V4RNUKNBxFhQ==", "user"=>{"email"=>"d", "password"=>"[FILTERED]"}}
  [1m[35m (0.4ms)[0m  [1m[35mBEGIN[0m
  ↳ app/controllers/users_controller.rb:27
  [1m[36mUser Create (2.9ms)[0m  [1m[32mINSERT INTO "users" ("email", "created_at", "updated_at") VALUES ($1, $2, $3) RETURNING "id"[0m  [["email", "d"], ["created_at", "2021-07-28 01:25:56.545188"], ["updated_at", "2021-07-28 01:25:56.545188"]]
  ↳ app/controllers/users_controller.rb:27
  [1m[35m (0.4ms)[0m  [1m[31mROLLBACK[0m
  ↳ app/controllers/users_controller.rb:27
Completed 500 Internal Server Error in 16ms (ActiveRecord: 3.6ms)



ActiveRecord::NotNullViolation - PG::NotNullViolation: ERROR:  null value in column "password_digest" violates not-null constraint
DETAIL:  Failing row contains (4, d, null, null, 2021-07-28 01:25:56.545188, 2021-07-28 01:25:56.545188).
: INSERT INTO "users" ("email", "created_at", "updated_at") VALUES ($1, $2, $3) RETURNING "id":
  app/controllers/users_controller.rb:27:in `create'

Started POST "/__better_errors/1922fdb447c8ae86/variables" for ::1 at 2021-07-27 20:25:56 -0500
Started GET "/users" for ::1 at 2021-07-27 20:26:05 -0500
  [1m[35m (0.7ms)[0m  [1m[34mSELECT "schema_migrations"."version" FROM "schema_migrations" ORDER BY "schema_migrations"."version" ASC[0m
  ↳ /root/.rbenv/versions/2.5.1/lib/ruby/gems/2.5.0/gems/activerecord-5.2.6/lib/active_record/log_subscriber.rb:98
Processing by UsersController#index as HTML
  Rendering users/new.html.erb within layouts/application
  Rendered users/new.html.erb within layouts/application (2.7ms)
Completed 200 OK in 1755ms (Views: 1748.7ms | ActiveRecord: 0.0ms)


Started POST "/users" for ::1 at 2021-07-27 20:26:12 -0500
Processing by UsersController#create as HTML
  Parameters: {"authenticity_token"=>"K/gQ9ev7OiDUE9NOnfMET4sMjgA6YjcCndpsbI+QcTJZsylQS0e8H4dLMlGGmEp5eS1d4vbdgRkl+CqHpjVuEw==", "user"=>{"email"=>"d", "password"=>"[FILTERED]"}}
  [1m[35m (1.4ms)[0m  [1m[35mBEGIN[0m
  ↳ app/controllers/users_controller.rb:28
  [1m[36mUser Create (2.7ms)[0m  [1m[32mINSERT INTO "users" ("password_digest", "session_token", "created_at", "updated_at") VALUES ($1, $2, $3, $4) RETURNING "id"[0m  [["password_digest", "$2a$12$A.RiOhOTwGmUM17zw69/nuydbsdgeyG0Nkf9bGbaZhKZmFJE61h1e"], ["session_token", "xinf5xH7sr6o73bzWdvc9w"], ["created_at", "2021-07-28 01:26:12.736406"], ["updated_at", "2021-07-28 01:26:12.736406"]]
  ↳ app/controllers/users_controller.rb:28
  [1m[35m (0.4ms)[0m  [1m[31mROLLBACK[0m
  ↳ app/controllers/users_controller.rb:28
Completed 500 Internal Server Error in 419ms (ActiveRecord: 9.2ms)



ActiveRecord::NotNullViolation - PG::NotNullViolation: ERROR:  null value in column "email" violates not-null constraint
DETAIL:  Failing row contains (5, null, $2a$12$A.RiOhOTwGmUM17zw69/nuydbsdgeyG0Nkf9bGbaZhKZmFJE61h1e, xinf5xH7sr6o73bzWdvc9w, 2021-07-28 01:26:12.736406, 2021-07-28 01:26:12.736406).
: INSERT INTO "users" ("password_digest", "session_token", "created_at", "updated_at") VALUES ($1, $2, $3, $4) RETURNING "id":
  app/controllers/users_controller.rb:28:in `create'

Started POST "/__better_errors/d0ad41986fb535a0/variables" for ::1 at 2021-07-27 20:26:13 -0500
Started GET "/users" for ::1 at 2021-07-27 20:26:49 -0500
Processing by UsersController#index as HTML
  Rendering users/new.html.erb within layouts/application
  Rendered users/new.html.erb within layouts/application (1.1ms)
Completed 200 OK in 651ms (Views: 650.6ms | ActiveRecord: 0.0ms)


Started POST "/users" for ::1 at 2021-07-27 20:26:52 -0500
Processing by UsersController#create as HTML
  Parameters: {"authenticity_token"=>"gVW70F5WtAVXAxf58QviT3w3ynzr6mClKpibGCaFMZvzHoJ1/uoyOgRb9ubqYKx5jhYZnidV1r6Sut3zDyAuug==", "user"=>{"email"=>"d", "password"=>"[FILTERED]"}}
  [1m[35m (0.4ms)[0m  [1m[35mBEGIN[0m
  ↳ app/controllers/users_controller.rb:28
  [1m[36mUser Create (1.6ms)[0m  [1m[32mINSERT INTO "users" ("password_digest", "session_token", "created_at", "updated_at") VALUES ($1, $2, $3, $4) RETURNING "id"[0m  [["password_digest", "$2a$12$K7femqOPDLO0BtRFSBhudO6j9DBBowRYeQ80bPsZzab024xOHocTK"], ["session_token", "Rh-3snVWSIn82s3ZAIiLWw"], ["created_at", "2021-07-28 01:26:52.335289"], ["updated_at", "2021-07-28 01:26:52.335289"]]
  ↳ app/controllers/users_controller.rb:28
  [1m[35m (0.4ms)[0m  [1m[31mROLLBACK[0m
  ↳ app/controllers/users_controller.rb:28
Completed 500 Internal Server Error in 299ms (ActiveRecord: 2.4ms)



ActiveRecord::NotNullViolation - PG::NotNullViolation: ERROR:  null value in column "email" violates not-null constraint
DETAIL:  Failing row contains (6, null, $2a$12$K7femqOPDLO0BtRFSBhudO6j9DBBowRYeQ80bPsZzab024xOHocTK, Rh-3snVWSIn82s3ZAIiLWw, 2021-07-28 01:26:52.335289, 2021-07-28 01:26:52.335289).
: INSERT INTO "users" ("password_digest", "session_token", "created_at", "updated_at") VALUES ($1, $2, $3, $4) RETURNING "id":
  app/controllers/users_controller.rb:28:in `create'

Started POST "/__better_errors/0a71c9d54240ec51/variables" for ::1 at 2021-07-27 20:26:52 -0500
Started GET "/users" for ::1 at 2021-07-27 20:27:01 -0500
  [1m[35m (1.0ms)[0m  [1m[34mSELECT "schema_migrations"."version" FROM "schema_migrations" ORDER BY "schema_migrations"."version" ASC[0m
  ↳ /root/.rbenv/versions/2.5.1/lib/ruby/gems/2.5.0/gems/activerecord-5.2.6/lib/active_record/log_subscriber.rb:98
Processing by UsersController#index as HTML
  Rendering users/new.html.erb within layouts/application
  Rendered users/new.html.erb within layouts/application (1.9ms)
Completed 200 OK in 1828ms (Views: 1822.2ms | ActiveRecord: 0.0ms)


Started POST "/users" for ::1 at 2021-07-27 20:27:06 -0500
Processing by UsersController#create as HTML
  Parameters: {"authenticity_token"=>"SWjpXaAJvyQ3iy8u1Kuxrr/M2uU6QC8uFuejMf1OEFs7I9D4ALU5G2TTzjHPwP+YTe0JB/b/mTWuxeXa1OsPeg==", "user"=>{"email"=>"d", "password"=>"[FILTERED]"}}
  [1m[35m (0.3ms)[0m  [1m[35mBEGIN[0m
  ↳ app/controllers/users_controller.rb:28
  [1m[36mUser Create (12.1ms)[0m  [1m[32mINSERT INTO "users" ("email", "password_digest", "session_token", "created_at", "updated_at") VALUES ($1, $2, $3, $4, $5) RETURNING "id"[0m  [["email", "d"], ["password_digest", "$2a$12$TOdp/WJ/jKx93Wsgeu9K/.9wEXcGUP2bcFQRV/zpknYfxZoJkqJDi"], ["session_token", "L8aNKhdehul1luX1EfD4VA"], ["created_at", "2021-07-28 01:27:07.152392"], ["updated_at", "2021-07-28 01:27:07.152392"]]
  ↳ app/controllers/users_controller.rb:28
  [1m[35m (18.3ms)[0m  [1m[35mCOMMIT[0m
  ↳ app/controllers/users_controller.rb:28
  Rendering users/show.html.erb within layouts/application
  Rendered users/show.html.erb within layouts/application (0.6ms)
Completed 200 OK in 1084ms (Views: 620.5ms | ActiveRecord: 37.3ms)


  [1m[36mUser Load (0.6ms)[0m  [1m[34mSELECT "users".* FROM "users"[0m
Started GET "/users" for ::1 at 2021-07-27 20:29:41 -0500
Processing by UsersController#index as HTML
  Rendering users/new.html.erb within layouts/application
  Rendered users/new.html.erb within layouts/application (1.0ms)
Completed 200 OK in 631ms (Views: 629.9ms | ActiveRecord: 0.0ms)


Started POST "/users" for ::1 at 2021-07-27 20:29:45 -0500
Processing by UsersController#create as HTML
  Parameters: {"authenticity_token"=>"AcUAkRKkaBq/5y6qqobgq5Ro0nZEW0VBtlWpcLUNIqdzjjk0shjuJey/z7Wx7a6dZkkBlIjk81oOd++bnKg9hg==", "user"=>{"email"=>"a", "password"=>"[FILTERED]"}}
  [1m[35m (0.3ms)[0m  [1m[35mBEGIN[0m
  ↳ app/controllers/users_controller.rb:28
  [1m[36mUser Create (0.9ms)[0m  [1m[32mINSERT INTO "users" ("email", "password_digest", "session_token", "created_at", "updated_at") VALUES ($1, $2, $3, $4, $5) RETURNING "id"[0m  [["email", "a"], ["password_digest", "$2a$12$M0bZ0fS.OSRTXq72eiMm8.NOdcFUDvB2gMedezfHWtnhpn1fMd4Bu"], ["session_token", "rXo3PFtMFW5iXz5Hg5D-kQ"], ["created_at", "2021-07-28 01:29:45.751495"], ["updated_at", "2021-07-28 01:29:45.751495"]]
  ↳ app/controllers/users_controller.rb:28
  [1m[35m (24.1ms)[0m  [1m[35mCOMMIT[0m
  ↳ app/controllers/users_controller.rb:28
  Rendering users/show.html.erb within layouts/application
  Rendered users/show.html.erb within layouts/application (0.6ms)
Completed 200 OK in 924ms (Views: 614.0ms | ActiveRecord: 25.3ms)


Started GET "/users" for ::1 at 2021-07-27 20:29:57 -0500
Processing by UsersController#index as HTML
  Rendering users/new.html.erb within layouts/application
  Rendered users/new.html.erb within layouts/application (0.8ms)
Completed 200 OK in 626ms (Views: 625.7ms | ActiveRecord: 0.0ms)


Started POST "/users" for ::1 at 2021-07-27 20:30:00 -0500
Processing by UsersController#create as HTML
  Parameters: {"authenticity_token"=>"2Kjly427v0j6IX1O0FXo1rmP7Vvc5c2/7gKJGGQV37Wq49xuLQc5d6l5nFHLPqbgS64+uRBae6RWIM/zTbDAlA==", "user"=>{"email"=>"a", "password"=>"[FILTERED]"}}
  [1m[35m (0.4ms)[0m  [1m[35mBEGIN[0m
  ↳ app/controllers/users_controller.rb:28
  [1m[36mUser Create (0.7ms)[0m  [1m[32mINSERT INTO "users" ("email", "password_digest", "session_token", "created_at", "updated_at") VALUES ($1, $2, $3, $4, $5) RETURNING "id"[0m  [["email", "a"], ["password_digest", "$2a$12$KZ7Q3qiH9yNaYRrwNioEO.OEOyt9uRnMI9aMY0lv4ywjiiE4RXici"], ["session_token", "4c-XZgIcpB6wGzPv8_xMAA"], ["created_at", "2021-07-28 01:30:01.259777"], ["updated_at", "2021-07-28 01:30:01.259777"]]
  ↳ app/controllers/users_controller.rb:28
  [1m[35m (15.6ms)[0m  [1m[35mCOMMIT[0m
  ↳ app/controllers/users_controller.rb:28
  Rendering users/show.html.erb within layouts/application
  Rendered users/show.html.erb within layouts/application (0.6ms)
Completed 200 OK in 922ms (Views: 624.4ms | ActiveRecord: 16.7ms)


Started GET "/users" for ::1 at 2021-07-27 20:30:12 -0500
Processing by UsersController#index as HTML
  Rendering users/new.html.erb within layouts/application
  Rendered users/new.html.erb within layouts/application (1.1ms)
Completed 200 OK in 605ms (Views: 604.7ms | ActiveRecord: 0.0ms)


Started POST "/users" for ::1 at 2021-07-27 20:30:15 -0500
Processing by UsersController#create as HTML
  Parameters: {"authenticity_token"=>"u7XqDDdWk/WMrBijXv4htk6PH8M3pf++6iFQHYl77cjJ/tOpl+oVyt/0+bxFlW+AvK7MIfsaSaVSAxb2oN7y6Q==", "user"=>{"email"=>"a", "password"=>"[FILTERED]"}}
  [1m[35m (0.3ms)[0m  [1m[35mBEGIN[0m
  ↳ app/controllers/users_controller.rb:28
  [1m[36mUser Create (0.8ms)[0m  [1m[32mINSERT INTO "users" ("email", "password_digest", "session_token", "created_at", "updated_at") VALUES ($1, $2, $3, $4, $5) RETURNING "id"[0m  [["email", "a"], ["password_digest", "$2a$12$Vl62rif6rs/tIAqrEwDz8Oka7IEzNKN37aYUOafUwJp0tRXUO51F2"], ["session_token", "H-kC2SeB_TDlbMxMM8jIkA"], ["created_at", "2021-07-28 01:30:15.987616"], ["updated_at", "2021-07-28 01:30:15.987616"]]
  ↳ app/controllers/users_controller.rb:28
  [1m[35m (24.4ms)[0m  [1m[35mCOMMIT[0m
  ↳ app/controllers/users_controller.rb:28
  Rendering users/show.html.erb within layouts/application
  Rendered users/show.html.erb within layouts/application (0.6ms)
Completed 200 OK in 901ms (Views: 598.6ms | ActiveRecord: 25.5ms)


Started GET "/users" for ::1 at 2021-07-27 20:31:31 -0500
Processing by UsersController#index as HTML
  Rendering users/new.html.erb within layouts/application
  Rendered users/new.html.erb within layouts/application (1.0ms)
Completed 200 OK in 638ms (Views: 636.9ms | ActiveRecord: 0.0ms)


Started POST "/users" for ::1 at 2021-07-27 20:31:35 -0500
Processing by UsersController#create as HTML
  Parameters: {"authenticity_token"=>"mrrdhGKfe1yxCfmVLXcWTwzQEeefm+pl7dYR6sifpiHo8eQhwiP9Y+JRGIo2HFh5/vHCBVMkXH5V9FcB4Tq5AA==", "user"=>{"email"=>"b", "password"=>"[FILTERED]"}}
  [1m[35m (0.3ms)[0m  [1m[35mBEGIN[0m
  ↳ app/controllers/users_controller.rb:28
  [1m[36mUser Create (0.9ms)[0m  [1m[32mINSERT INTO "users" ("email", "password_digest", "session_token", "created_at", "updated_at") VALUES ($1, $2, $3, $4, $5) RETURNING "id"[0m  [["email", "b"], ["password_digest", "$2a$12$2CyFvWrKtsk05s6XrcZjFerOnTRtHpei044U6RdiXWHTrPw7POEoe"], ["session_token", "LW8Fjat3X0vSNbGpXHWSGQ"], ["created_at", "2021-07-28 01:31:35.322003"], ["updated_at", "2021-07-28 01:31:35.322003"]]
  ↳ app/controllers/users_controller.rb:28
  [1m[35m (807.6ms)[0m  [1m[35mCOMMIT[0m
  ↳ app/controllers/users_controller.rb:28
  Rendering users/show.html.erb within layouts/application
  Rendered users/show.html.erb within layouts/application (0.7ms)
Completed 200 OK in 1852ms (Views: 748.7ms | ActiveRecord: 808.8ms)


Started GET "/users" for ::1 at 2021-07-27 20:47:26 -0500
Processing by UsersController#index as HTML
  Rendering users/new.html.erb within layouts/application
  Rendered users/new.html.erb within layouts/application (1.0ms)
Completed 200 OK in 593ms (Views: 592.6ms | ActiveRecord: 0.0ms)


Started POST "/users" for ::1 at 2021-07-27 20:47:30 -0500
Processing by UsersController#create as HTML
  Parameters: {"authenticity_token"=>"vNkqTChZYMwxKkpYUSvo4Sk2Ija45x0uyP3LvmUTPU7OkhPpiOXm82Jyq0dKQKbX2xfx1HRYqzVw341VTLYibw==", "user"=>{"email"=>"a", "password"=>"[FILTERED]"}}
  [1m[35m (0.3ms)[0m  [1m[35mBEGIN[0m
  ↳ app/controllers/users_controller.rb:28
  [1m[36mUser Create (1.3ms)[0m  [1m[32mINSERT INTO "users" ("email", "password_digest", "session_token", "created_at", "updated_at") VALUES ($1, $2, $3, $4, $5) RETURNING "id"[0m  [["email", "a"], ["password_digest", "$2a$12$iHv3iTXGJS0WR23Gw0RmI.WR3gjDgNK1AoMunEd1s3/xJ0.Ce6Bb6"], ["session_token", "qneLCgSrbqivzSmL5xRfNw"], ["created_at", "2021-07-28 01:47:30.437572"], ["updated_at", "2021-07-28 01:47:30.437572"]]
  ↳ app/controllers/users_controller.rb:28
  [1m[35m (9.1ms)[0m  [1m[35mCOMMIT[0m
  ↳ app/controllers/users_controller.rb:28
  Rendering users/show.html.erb within layouts/application
  Rendered users/show.html.erb within layouts/application (0.9ms)
Completed 200 OK in 869ms (Views: 574.1ms | ActiveRecord: 10.7ms)


Started GET "/users" for ::1 at 2021-07-27 20:47:50 -0500
  [1m[35m (0.6ms)[0m  [1m[34mSELECT "schema_migrations"."version" FROM "schema_migrations" ORDER BY "schema_migrations"."version" ASC[0m
  ↳ /root/.rbenv/versions/2.5.1/lib/ruby/gems/2.5.0/gems/activerecord-5.2.6/lib/active_record/log_subscriber.rb:98
Processing by UsersController#index as HTML
  Rendering users/index.html.erb within layouts/application
  [1m[36mUser Load (0.7ms)[0m  [1m[34mSELECT "users".* FROM "users"[0m
  ↳ app/views/users/index.html.erb:4
  Rendered users/index.html.erb within layouts/application (17.5ms)
Completed 200 OK in 1848ms (Views: 1729.8ms | ActiveRecord: 7.3ms)


Started GET "/users" for ::1 at 2021-07-27 20:49:21 -0500
Processing by UsersController#index as HTML
  Rendering users/index.html.erb within layouts/application
  [1m[36mUser Load (0.5ms)[0m  [1m[34mSELECT "users".* FROM "users"[0m
  ↳ app/views/users/index.html.erb:4
  Rendered users/index.html.erb within layouts/application (3.6ms)
Completed 200 OK in 651ms (Views: 649.8ms | ActiveRecord: 0.5ms)


Started GET "/users" for ::1 at 2021-07-27 20:50:46 -0500
Processing by UsersController#index as HTML
  Rendering users/index.html.erb within layouts/application
  [1m[36mUser Load (0.6ms)[0m  [1m[34mSELECT "users".* FROM "users"[0m
  ↳ app/views/users/index.html.erb:4
  Rendered users/index.html.erb within layouts/application (4.0ms)
Completed 200 OK in 681ms (Views: 679.1ms | ActiveRecord: 0.6ms)


